<?xml version="1.0" encoding="UTF-8"?>
<!-- Generated by org.testng.reporters.JUnitReportReporter -->
<testsuite hostname="Lenovo" name="com.todos.tests.AddTodoTests" tests="1" failures="0" timestamp="19 Dec 2020 09:13:21 GMT" time="88.230" errors="0">
  <testcase name="iCanAddTodo" time="88.230" classname="com.todos.tests.AddTodoTests"/>
</testsuite> <!-- com.todos.tests.AddTodoTests -->
